<?xml version="1.0"?>
<testsuites>
  <testsuite name="Chrome 30.0.1599 (Windows 7)" package="undefined" timestamp="2013-11-17T08:52:33" id="0" hostname="Redlily" tests="7" errors="0" failures="0" time="0.053">
    <properties>
      <property name="browser.fullName" value="Mozilla/5.0 (Windows NT 6.1; WOW64) AppleWebKit/537.36 (KHTML, like Gecko) Chrome/30.0.1599.101 Safari/537.36"/>
    </properties>
    <testcase name="can find people factory" time="0.034" classname="Chrome 30.0.1599 (Windows 7).Characters Test"/>
    <testcase name="can find a tower" time="0.004" classname="Chrome 30.0.1599 (Windows 7).Characters Test"/>
    <testcase name="can find the hero" time="0.002" classname="Chrome 30.0.1599 (Windows 7).Characters Test"/>
    <testcase name="can find the hero hitpoints" time="0.003" classname="Chrome 30.0.1599 (Windows 7).Characters Test"/>
    <testcase name="can find the hero damage" time="0.002" classname="Chrome 30.0.1599 (Windows 7).Characters Test"/>
    <testcase name="Can create gameEventService" time="0.006" classname="Chrome 30.0.1599 (Windows 7).Test Elf Game"/>
    <testcase name="gets the width of the playing field" time="0.002" classname="Chrome 30.0.1599 (Windows 7).Test Elf Game"/>
    <system-out><![CDATA[
]]></system-out>
    <system-err/>
  </testsuite>
</testsuites>
