<?xml version="1.0"?>
<testsuites>
  <testsuite name="Chrome 31.0.1650 (Windows 7)" package="undefined" timestamp="2013-12-13T23:42:51" id="0" hostname="Redlily" tests="4" errors="0" failures="0" time="0.047">
    <properties>
      <property name="browser.fullName" value="Mozilla/5.0 (Windows NT 6.1; WOW64) AppleWebKit/537.36 (KHTML, like Gecko) Chrome/31.0.1650.63 Safari/537.36"/>
    </properties>
    <testcase name="Check Name" time="0.031" classname="Chrome 31.0.1650 (Windows 7).Test Main"/>
    <testcase name="Test main controller name" time="0" classname="Chrome 31.0.1650 (Windows 7).main controller test"/>
    <testcase name="can find tower hitpoints" time="0.016" classname="Chrome 31.0.1650 (Windows 7).main controller test"/>
    <testcase name="can find tower hitpoints" time="0" classname="Chrome 31.0.1650 (Windows 7).main controller test"/>
    <system-out><![CDATA[Chrome 31.0.1650 (Windows 7) LOG: LOG
 'Books factory called',Chrome 31.0.1650 (Windows 7) LOG: LOG
 'Books factory called',Chrome 31.0.1650 (Windows 7) LOG: LOG
 'Books factory called',Chrome 31.0.1650 (Windows 7) LOG: LOG
 3,Chrome 31.0.1650 (Windows 7) LOG: LOG
 'Books factory called',Chrome 31.0.1650 (Windows 7) LOG: LOG
 3
]]></system-out>
    <system-err/>
  </testsuite>
</testsuites>
