<?xml version="1.0"?>
<testsuites>
  <testsuite name="Chrome 31.0.1650 (Windows 7)" package="undefined" timestamp="2013-12-03T01:14:32" id="0" hostname="Redlily" tests="4" errors="1" failures="4" time="0.031">
    <properties>
      <property name="browser.fullName" value="Mozilla/5.0 (Windows NT 6.1; WOW64) AppleWebKit/537.36 (KHTML, like Gecko) Chrome/31.0.1650.57 Safari/537.36"/>
    </properties>
    <testcase name="encountered a declaration exception" time="0.031" classname="Chrome 31.0.1650 (Windows 7).Test Broadcasts: gameEventService">
      <failure type="">ReferenceError: module is not defined
    at null.&lt;anonymous&gt; (c:/Users/Margie/Documents/GitHub/ISIT320/Calvert-Week06-Assignment01/Tests/TestBroadcasts.js:10:3)
</failure>
      <failure type="">ReferenceError: inject is not defined
    at null.&lt;anonymous&gt; (c:/Users/Margie/Documents/GitHub/ISIT320/Calvert-Week06-Assignment01/Tests/TestBroadcasts.js:13:13)
    at c:/Users/Margie/Documents/GitHub/ISIT320/Calvert-Week06-Assignment01/Tests/TestBroadcasts.js:5:1
</failure>
    </testcase>
    <testcase name="encountered a declaration exception" time="0" classname="Chrome 31.0.1650 (Windows 7).Test Elf Game">
      <failure type="">ReferenceError: module is not defined
    at null.&lt;anonymous&gt; (c:/Users/Margie/Documents/GitHub/ISIT320/Calvert-Week06-Assignment01/Tests/TestElfGame.js:10:3)
</failure>
      <failure type="">ReferenceError: inject is not defined
    at null.&lt;anonymous&gt; (c:/Users/Margie/Documents/GitHub/ISIT320/Calvert-Week06-Assignment01/Tests/TestElfGame.js:14:13)
    at c:/Users/Margie/Documents/GitHub/ISIT320/Calvert-Week06-Assignment01/Tests/TestElfGame.js:5:2
</failure>
    </testcase>
    <testcase name="encountered a declaration exception" time="0" classname="Chrome 31.0.1650 (Windows 7).TestElfController">
      <failure type="">ReferenceError: module is not defined
    at null.&lt;anonymous&gt; (c:/Users/Margie/Documents/GitHub/ISIT320/Calvert-Week06-Assignment01/Tests/TestElfPlayer.js:10:3)
</failure>
      <failure type="">ReferenceError: inject is not defined
    at null.&lt;anonymous&gt; (c:/Users/Margie/Documents/GitHub/ISIT320/Calvert-Week06-Assignment01/Tests/TestElfPlayer.js:13:13)
    at c:/Users/Margie/Documents/GitHub/ISIT320/Calvert-Week06-Assignment01/Tests/TestElfPlayer.js:6:1
</failure>
    </testcase>
    <testcase name="encountered a declaration exception" time="0" classname="Chrome 31.0.1650 (Windows 7).TestGameboard">
      <failure type="">ReferenceError: module is not defined
    at null.&lt;anonymous&gt; (c:/Users/Margie/Documents/GitHub/ISIT320/Calvert-Week06-Assignment01/Tests/TestGameboard.js:10:3)
</failure>
      <failure type="">ReferenceError: inject is not defined
    at null.&lt;anonymous&gt; (c:/Users/Margie/Documents/GitHub/ISIT320/Calvert-Week06-Assignment01/Tests/TestGameboard.js:15:42)
    at c:/Users/Margie/Documents/GitHub/ISIT320/Calvert-Week06-Assignment01/Tests/TestGameboard.js:6:1
</failure>
    </testcase>
    <system-out><![CDATA[
]]></system-out>
    <system-err/>
  </testsuite>
</testsuites>
